# JRE version: Java(TM) SE Runtime Environment (17.0.4.1+1) (build 17.0.4.1+1-LTS-2)
# Java VM: Java HotSpot(TM) 64-Bit Server VM (17.0.4.1+1-LTS-2, mixed mode, emulated-client, sharing, tiered, compressed oops, compressed class ptrs, g1 gc, windows-amd64)
GC Precious Log:
 CPUs: 8 total, 8 available
 Memory: 7948M
 Large Page Support: Disabled
 NUMA Support: Disabled
 Compressed Oops: Enabled (32-bit)
 Heap Region Size: 1M
 Heap Min Capacity: 8M
 Heap Initial Capacity: 126M
 Heap Max Capacity: 1988M
 Pre-touch: Disabled
 Parallel Workers: 8
 Concurrent Workers: 2
 Concurrent Refinement Workers: 8
 Periodic GC: Disabled
Heap:
 garbage-first heap   total 129024K, used 56128K [0x0000000083c00000, 0x0000000100000000)
  region size 1024K, 1 young (1024K), 1 survivors (1024K)
 Metaspace       used 61493K, committed 62080K, reserved 1105920K
  class space    used 8747K, committed 9024K, reserved 1048576K
GC Heap History (20 events):
Event: 5.407 GC heap after
{Heap after GC invocations=11 (full 0):
 garbage-first heap   total 66560K, used 23476K [0x0000000083c00000, 0x0000000100000000)
  region size 1024K, 4 young (4096K), 4 survivors (4096K)
 Metaspace       used 48884K, committed 49344K, reserved 1097728K
  class space    used 6782K, committed 6976K, reserved 1048576K
}
Event: 6.114 GC heap before
{Heap before GC invocations=11 (full 0):
 garbage-first heap   total 66560K, used 49076K [0x0000000083c00000, 0x0000000100000000)
  region size 1024K, 30 young (30720K), 4 survivors (4096K)
 Metaspace       used 54772K, committed 55360K, reserved 1097728K
  class space    used 7764K, committed 8064K, reserved 1048576K
}
Event: 6.118 GC heap after
{Heap after GC invocations=12 (full 0):
 garbage-first heap   total 66560K, used 24914K [0x0000000083c00000, 0x0000000100000000)
  region size 1024K, 3 young (3072K), 3 survivors (3072K)
 Metaspace       used 54772K, committed 55360K, reserved 1097728K
  class space    used 7764K, committed 8064K, reserved 1048576K
}
Event: 6.504 GC heap before
{Heap before GC invocations=12 (full 0):
 garbage-first heap   total 66560K, used 50514K [0x0000000083c00000, 0x0000000100000000)
  region size 1024K, 28 young (28672K), 3 survivors (3072K)
 Metaspace       used 58273K, committed 58816K, reserved 1105920K
  class space    used 8272K, committed 8512K, reserved 1048576K
}
Event: 6.508 GC heap after
{Heap after GC invocations=13 (full 0):
 garbage-first heap   total 66560K, used 26759K [0x0000000083c00000, 0x0000000100000000)
  region size 1024K, 4 young (4096K), 4 survivors (4096K)
 Metaspace       used 58273K, committed 58816K, reserved 1105920K
  class space    used 8272K, committed 8512K, reserved 1048576K
}
Event: 6.731 GC heap before
{Heap before GC invocations=13 (full 0):
 garbage-first heap   total 66560K, used 42119K [0x0000000083c00000, 0x0000000100000000)
  region size 1024K, 20 young (20480K), 4 survivors (4096K)
 Metaspace       used 59991K, committed 60480K, reserved 1105920K
  class space    used 8515K, committed 8768K, reserved 1048576K
}
Event: 6.735 GC heap after
{Heap after GC invocations=14 (full 0):
 garbage-first heap   total 66560K, used 28114K [0x0000000083c00000, 0x0000000100000000)
  region size 1024K, 4 young (4096K), 4 survivors (4096K)
 Metaspace       used 59991K, committed 60480K, reserved 1105920K
  class space    used 8515K, committed 8768K, reserved 1048576K
}
Event: 6.953 GC heap before
{Heap before GC invocations=15 (full 0):
 garbage-first heap   total 66560K, used 51666K [0x0000000083c00000, 0x0000000100000000)
  region size 1024K, 26 young (26624K), 4 survivors (4096K)
 Metaspace       used 61398K, committed 61952K, reserved 1105920K
  class space    used 8733K, committed 8960K, reserved 1048576K
}
Event: 6.958 GC heap after
{Heap after GC invocations=16 (full 0):
 garbage-first heap   total 66560K, used 32612K [0x0000000083c00000, 0x0000000100000000)
  region size 1024K, 4 young (4096K), 4 survivors (4096K)
 Metaspace       used 61398K, committed 61952K, reserved 1105920K
  class space    used 8733K, committed 8960K, reserved 1048576K
}
Event: 7.021 GC heap before
{Heap before GC invocations=17 (full 0):
 garbage-first heap   total 78848K, used 51044K [0x0000000083c00000, 0x0000000100000000)
  region size 1024K, 22 young (22528K), 4 survivors (4096K)
 Metaspace       used 61411K, committed 62016K, reserved 1105920K
  class space    used 8736K, committed 9024K, reserved 1048576K
}
Event: 7.027 GC heap after
{Heap after GC invocations=18 (full 0):
 garbage-first heap   total 78848K, used 35696K [0x0000000083c00000, 0x0000000100000000)
  region size 1024K, 3 young (3072K), 3 survivors (3072K)
 Metaspace       used 61411K, committed 62016K, reserved 1105920K
  class space    used 8736K, committed 9024K, reserved 1048576K
}
Event: 7.097 GC heap before
{Heap before GC invocations=18 (full 0):
 garbage-first heap   total 78848K, used 59248K [0x0000000083c00000, 0x0000000100000000)
  region size 1024K, 26 young (26624K), 3 survivors (3072K)
 Metaspace       used 61493K, committed 62080K, reserved 1105920K
  class space    used 8747K, committed 9024K, reserved 1048576K
}
Event: 7.103 GC heap after
{Heap after GC invocations=19 (full 0):
 garbage-first heap   total 78848K, used 43348K [0x0000000083c00000, 0x0000000100000000)
  region size 1024K, 4 young (4096K), 4 survivors (4096K)
 Metaspace       used 61493K, committed 62080K, reserved 1105920K
  class space    used 8747K, committed 9024K, reserved 1048576K
}
Event: 7.134 GC heap before
{Heap before GC invocations=19 (full 0):
 garbage-first heap   total 78848K, used 58708K [0x0000000083c00000, 0x0000000100000000)
  region size 1024K, 20 young (20480K), 4 survivors (4096K)
 Metaspace       used 61493K, committed 62080K, reserved 1105920K
  class space    used 8747K, committed 9024K, reserved 1048576K
}
Event: 7.138 GC heap after
{Heap after GC invocations=20 (full 0):
 garbage-first heap   total 78848K, used 47313K [0x0000000083c00000, 0x0000000100000000)
  region size 1024K, 3 young (3072K), 3 survivors (3072K)
 Metaspace       used 61493K, committed 62080K, reserved 1105920K
  class space    used 8747K, committed 9024K, reserved 1048576K
}
Event: 7.204 GC heap before
{Heap before GC invocations=20 (full 0):
 garbage-first heap   total 92160K, used 61649K [0x0000000083c00000, 0x0000000100000000)
  region size 1024K, 16 young (16384K), 3 survivors (3072K)
 Metaspace       used 61493K, committed 62080K, reserved 1105920K
  class space    used 8747K, committed 9024K, reserved 1048576K
}
Event: 7.208 GC heap after
{Heap after GC invocations=21 (full 0):
 garbage-first heap   total 92160K, used 52459K [0x0000000083c00000, 0x0000000100000000)
  region size 1024K, 2 young (2048K), 2 survivors (2048K)
 Metaspace       used 61493K, committed 62080K, reserved 1105920K
  class space    used 8747K, committed 9024K, reserved 1048576K
}
Event: 7.241 GC heap before
{Heap before GC invocations=22 (full 0):
 garbage-first heap   total 92160K, used 68843K [0x0000000083c00000, 0x0000000100000000)
  region size 1024K, 19 young (19456K), 2 survivors (2048K)
 Metaspace       used 61493K, committed 62080K, reserved 1105920K
  class space    used 8747K, committed 9024K, reserved 1048576K
}
Event: 7.243 GC heap after
{Heap after GC invocations=23 (full 0):
 garbage-first heap   total 92160K, used 55322K [0x0000000083c00000, 0x0000000100000000)
  region size 1024K, 3 young (3072K), 3 survivors (3072K)
 Metaspace       used 61493K, committed 62080K, reserved 1105920K
  class space    used 8747K, committed 9024K, reserved 1048576K
}
Event: 7.246 GC heap before
{Heap before GC invocations=23 (full 0):
 garbage-first heap   total 92160K, used 56346K [0x0000000083c00000, 0x0000000100000000)
  region size 1024K, 4 young (4096K), 3 survivors (3072K)
 Metaspace       used 61493K, committed 62080K, reserved 1105920K
  class space    used 8747K, committed 9024K, reserved 1048576K
}

