# JRE version: Java(TM) SE Runtime Environment (17.0.4.1+1) (build 17.0.4.1+1-LTS-2)
# Java VM: Java HotSpot(TM) 64-Bit Server VM (17.0.4.1+1-LTS-2, mixed mode, emulated-client, sharing, tiered, compressed oops, compressed class ptrs, g1 gc, windows-amd64)
GC Precious Log:
 CPUs: 8 total, 8 available
 Memory: 7948M
 Large Page Support: Disabled
 NUMA Support: Disabled
 Compressed Oops: Enabled (32-bit)
 Heap Region Size: 1M
 Heap Min Capacity: 8M
 Heap Initial Capacity: 126M
 Heap Max Capacity: 1988M
 Pre-touch: Disabled
 Parallel Workers: 8
 Concurrent Workers: 2
 Concurrent Refinement Workers: 8
 Periodic GC: Disabled
Heap:
 garbage-first heap   total 58368K, used 29895K [0x0000000083c00000, 0x0000000100000000)
  region size 1024K, 6 young (6144K), 3 survivors (3072K)
 Metaspace       used 38514K, committed 39040K, reserved 1089536K
  class space    used 5386K, committed 5632K, reserved 1048576K
GC Heap History (20 events):
Event: 4.914 GC heap before
{Heap before GC invocations=3 (full 0):
 garbage-first heap   total 129024K, used 51662K [0x0000000083c00000, 0x0000000100000000)
  region size 1024K, 44 young (45056K), 5 survivors (5120K)
 Metaspace       used 21163K, committed 21504K, reserved 1073152K
  class space    used 2818K, committed 3008K, reserved 1048576K
}
Event: 4.920 GC heap after
{Heap after GC invocations=4 (full 0):
 garbage-first heap   total 129024K, used 14968K [0x0000000083c00000, 0x0000000100000000)
  region size 1024K, 7 young (7168K), 7 survivors (7168K)
 Metaspace       used 21163K, committed 21504K, reserved 1073152K
  class space    used 2818K, committed 3008K, reserved 1048576K
}
Event: 5.827 GC heap before
{Heap before GC invocations=5 (full 0):
 garbage-first heap   total 58368K, used 42616K [0x0000000083c00000, 0x0000000100000000)
  region size 1024K, 34 young (34816K), 7 survivors (7168K)
 Metaspace       used 23601K, committed 24000K, reserved 1073152K
  class space    used 3228K, committed 3392K, reserved 1048576K
}
Event: 5.835 GC heap after
{Heap after GC invocations=6 (full 0):
 garbage-first heap   total 58368K, used 16663K [0x0000000083c00000, 0x0000000100000000)
  region size 1024K, 5 young (5120K), 5 survivors (5120K)
 Metaspace       used 23601K, committed 24000K, reserved 1073152K
  class space    used 3228K, committed 3392K, reserved 1048576K
}
Event: 5.861 GC heap before
{Heap before GC invocations=6 (full 0):
 garbage-first heap   total 58368K, used 16663K [0x0000000083c00000, 0x0000000100000000)
  region size 1024K, 6 young (6144K), 5 survivors (5120K)
 Metaspace       used 23708K, committed 24064K, reserved 1073152K
  class space    used 3245K, committed 3392K, reserved 1048576K
}
Event: 5.865 GC heap after
{Heap after GC invocations=7 (full 0):
 garbage-first heap   total 58368K, used 17053K [0x0000000083c00000, 0x0000000100000000)
  region size 1024K, 1 young (1024K), 1 survivors (1024K)
 Metaspace       used 23708K, committed 24064K, reserved 1073152K
  class space    used 3245K, committed 3392K, reserved 1048576K
}
Event: 6.779 GC heap before
{Heap before GC invocations=7 (full 0):
 garbage-first heap   total 58368K, used 41629K [0x0000000083c00000, 0x0000000100000000)
  region size 1024K, 25 young (25600K), 1 survivors (1024K)
 Metaspace       used 28019K, committed 28480K, reserved 1073152K
  class space    used 3807K, committed 4032K, reserved 1048576K
}
Event: 6.783 GC heap after
{Heap after GC invocations=8 (full 0):
 garbage-first heap   total 58368K, used 19363K [0x0000000083c00000, 0x0000000100000000)
  region size 1024K, 4 young (4096K), 4 survivors (4096K)
 Metaspace       used 28019K, committed 28480K, reserved 1073152K
  class space    used 3807K, committed 4032K, reserved 1048576K
}
Event: 7.017 GC heap before
{Heap before GC invocations=8 (full 0):
 garbage-first heap   total 58368K, used 45987K [0x0000000083c00000, 0x0000000100000000)
  region size 1024K, 25 young (25600K), 4 survivors (4096K)
 Metaspace       used 28023K, committed 28544K, reserved 1081344K
  class space    used 3807K, committed 4032K, reserved 1048576K
}
Event: 7.022 GC heap after
{Heap after GC invocations=9 (full 0):
 garbage-first heap   total 58368K, used 22523K [0x0000000083c00000, 0x0000000100000000)
  region size 1024K, 4 young (4096K), 4 survivors (4096K)
 Metaspace       used 28023K, committed 28544K, reserved 1081344K
  class space    used 3807K, committed 4032K, reserved 1048576K
}
Event: 7.648 GC heap before
{Heap before GC invocations=9 (full 0):
 garbage-first heap   total 58368K, used 43003K [0x0000000083c00000, 0x0000000100000000)
  region size 1024K, 23 young (23552K), 4 survivors (4096K)
 Metaspace       used 30025K, committed 30464K, reserved 1081344K
  class space    used 4094K, committed 4288K, reserved 1048576K
}
Event: 7.652 GC heap after
{Heap after GC invocations=10 (full 0):
 garbage-first heap   total 58368K, used 23959K [0x0000000083c00000, 0x0000000100000000)
  region size 1024K, 2 young (2048K), 2 survivors (2048K)
 Metaspace       used 30025K, committed 30464K, reserved 1081344K
  class space    used 4094K, committed 4288K, reserved 1048576K
}
Event: 8.046 GC heap before
{Heap before GC invocations=10 (full 0):
 garbage-first heap   total 58368K, used 43415K [0x0000000083c00000, 0x0000000100000000)
  region size 1024K, 21 young (21504K), 2 survivors (2048K)
 Metaspace       used 30724K, committed 31168K, reserved 1081344K
  class space    used 4211K, committed 4416K, reserved 1048576K
}
Event: 8.049 GC heap after
{Heap after GC invocations=11 (full 0):
 garbage-first heap   total 58368K, used 24349K [0x0000000083c00000, 0x0000000100000000)
  region size 1024K, 2 young (2048K), 2 survivors (2048K)
 Metaspace       used 30724K, committed 31168K, reserved 1081344K
  class space    used 4211K, committed 4416K, reserved 1048576K
}
Event: 8.824 GC heap before
{Heap before GC invocations=11 (full 0):
 garbage-first heap   total 58368K, used 44829K [0x0000000083c00000, 0x0000000100000000)
  region size 1024K, 22 young (22528K), 2 survivors (2048K)
 Metaspace       used 33783K, committed 34304K, reserved 1081344K
  class space    used 4676K, committed 4928K, reserved 1048576K
}
Event: 8.828 GC heap after
{Heap after GC invocations=12 (full 0):
 garbage-first heap   total 58368K, used 25500K [0x0000000083c00000, 0x0000000100000000)
  region size 1024K, 2 young (2048K), 2 survivors (2048K)
 Metaspace       used 33783K, committed 34304K, reserved 1081344K
  class space    used 4676K, committed 4928K, reserved 1048576K
}
Event: 9.171 GC heap before
{Heap before GC invocations=12 (full 0):
 garbage-first heap   total 58368K, used 34716K [0x0000000083c00000, 0x0000000100000000)
  region size 1024K, 12 young (12288K), 2 survivors (2048K)
 Metaspace       used 35507K, committed 35968K, reserved 1081344K
  class space    used 4952K, committed 5184K, reserved 1048576K
}
Event: 9.174 GC heap after
{Heap after GC invocations=13 (full 0):
 garbage-first heap   total 58368K, used 26100K [0x0000000083c00000, 0x0000000100000000)
  region size 1024K, 2 young (2048K), 2 survivors (2048K)
 Metaspace       used 35507K, committed 35968K, reserved 1081344K
  class space    used 4952K, committed 5184K, reserved 1048576K
}
Event: 9.757 GC heap before
{Heap before GC invocations=14 (full 0):
 garbage-first heap   total 58368K, used 45556K [0x0000000083c00000, 0x0000000100000000)
  region size 1024K, 22 young (22528K), 2 survivors (2048K)
 Metaspace       used 37964K, committed 38528K, reserved 1089536K
  class space    used 5297K, committed 5568K, reserved 1048576K
}
Event: 9.762 GC heap after
{Heap after GC invocations=15 (full 0):
 garbage-first heap   total 58368K, used 27847K [0x0000000083c00000, 0x0000000100000000)
  region size 1024K, 3 young (3072K), 3 survivors (3072K)
 Metaspace       used 37964K, committed 38528K, reserved 1089536K
  class space    used 5297K, committed 5568K, reserved 1048576K
}

